<?xml version="1.0" encoding="UTF-8"?>
<!-- Generated by org.testng.reporters.JUnitReportReporter -->
<testsuite skipped="0" hostname="NAIL4701LP63QRG" name="io.restassured.kt.TestNgBasics2" tests="2" failures="0" timestamp="04 Oct 2021 01:50:15 GMT" time="0.031" errors="0">
  <testcase name="WindowsTest" time="0.013" classname="io.restassured.kt.TestNgBasics2"/>
  <testcase name="MobileTest" time="0.018" classname="io.restassured.kt.TestNgBasics2"/>
</testsuite> <!-- io.restassured.kt.TestNgBasics2 -->
