<?xml version="1.0" encoding="UTF-8"?>
<!-- Generated by org.testng.reporters.JUnitReportReporter -->
<testsuite skipped="0" hostname="NAIL4701LP63QRG" name="com.wkhealth.api.tests.PlaceOrder" tests="1" failures="0" timestamp="15 Jul 2020 03:59:44 GMT" time="7.226" errors="0">
  <testcase name="placeOrderTestthroughFile" time="7.226" classname="com.wkhealth.api.tests.PlaceOrder"/>
</testsuite> <!-- com.wkhealth.api.tests.PlaceOrder -->
