<?xml version="1.0" encoding="UTF-8"?>
<!-- Generated by org.testng.reporters.JUnitReportReporter -->
<testsuite skipped="0" hostname="NAIL4701LP63QRG" name="io.restassured.kt.TestNgBasics" tests="3" failures="0" timestamp="04 Oct 2021 15:19:38 GMT" time="0.028" errors="0">
  <testcase name="Test1" time="0.022" classname="io.restassured.kt.TestNgBasics"/>
  <testcase name="MangoTest2" time="0.004" classname="io.restassured.kt.TestNgBasics"/>
  <testcase name="Test3" time="0.002" classname="io.restassured.kt.TestNgBasics"/>
</testsuite> <!-- io.restassured.kt.TestNgBasics -->
