<?xml version="1.0" encoding="UTF-8"?>
<!-- Generated by org.testng.reporters.JUnitReportReporter -->
<testsuite skipped="0" hostname="NAIL4701LP63QRG" name="io.restassured.kt.customerLookupKT" tests="1" failures="0" timestamp="30 Aug 2021 18:34:06 GMT" time="7.522" errors="0">
  <testcase name="verifyStatusinResponse" time="7.522" classname="io.restassured.kt.customerLookupKT"/>
</testsuite> <!-- io.restassured.kt.customerLookupKT -->
