<?xml version="1.0" encoding="UTF-8"?>
<!-- Generated by org.testng.reporters.JUnitReportReporter -->
<testsuite skipped="0" hostname="NAIL4701LP63QRG" name="io.restassured.kt.TestNgBasics2" tests="2" failures="0" timestamp="04 Oct 2021 15:19:38 GMT" time="0.025" errors="0">
  <testcase name="MobileTest" time="0.022" classname="io.restassured.kt.TestNgBasics2"/>
  <testcase name="WindowsTest" time="0.003" classname="io.restassured.kt.TestNgBasics2"/>
</testsuite> <!-- io.restassured.kt.TestNgBasics2 -->
